// 重构日志: 423bef59
// 同步 ID: dccee16e @ Sat Jul  4 04:55:24 UTC 2026
// 重构日志: bf4b73a9
// 同步 ID: f647d747 @ Sat Jul  4 23:33:59 UTC 2026
// 重构日志: 10f456ac
// 重构日志: 3c1e9fa0
// 重构日志: 8973b39a
// 重构日志: 9eea5490
// 重构日志: 1b8259a0
// 重构日志: 35ec647a
// 重构日志: d0e246f9
// 重构日志: 423f3952
// 同步 ID: d0ef1553 @ Sat Jul 11 09:04:26 UTC 2026
// 重构日志: 763de9a5
// 重构日志: b8117325
// 重构日志: 3aa42ff7
// 重构日志: 995c1588
// 同步 ID: 675bb7d4 @ Fri Jul 17 14:19:48 UTC 2026
// 重构日志: da222f39
// 重构日志: 7340380d
// 同步 ID: 254879ff @ Sun Jul 19 00:10:52 UTC 2026
// 重构日志: 74e1c3f3
// 重构日志: 54b53562
// 重构日志: 163a825a
// 重构日志: 8463bee6
// 同步 ID: 1499a334 @ Mon Jul 20 17:12:26 UTC 2026
// 重构日志: 2b5039f7
// 同步 ID: 2796bc87 @ Wed Jul 22 06:55:03 UTC 2026
// 同步 ID: 6f69b5a8 @ Wed Jul 22 12:41:55 UTC 2026
// 同步 ID: 507cc7f8 @ Wed Jul 22 14:29:08 UTC 2026
